<?xml version="1.0" encoding="UTF-8"?>
<!-- Generated by org.testng.reporters.JUnitXMLReporter -->
<testsuite ignored="2" hostname="Shushik" failures="0" tests="3" name="NewsAPI" time="11.926" errors="0" timestamp="02 May 2018 19:15:22 GMT">
  <testcase classname="tests.SearchTest" name="getTitle" time="5.635"/>
  <testcase classname="tests.SourceTest" name="getAuthor" time="1.854"/>
  <testcase classname="tests.SourceTest" name="getIDs" time="0.603"/>
  <testcase classname="tests.SearchTest" name="getResponse" time="0.0">
    <ignored/>
  </testcase> <!-- getResponse -->
  <testcase classname="tests.SourceTest" name="getResponse" time="0.0">
    <ignored/>
  </testcase> <!-- getResponse -->
</testsuite> <!-- NewsAPI -->
