<?xml version="1.0" encoding="UTF-8"?>
<testng-results ignored="2" total="5" passed="3" failed="0" skipped="0">
  <reporter-output>
  </reporter-output>
  <suite started-at="2018-05-02T19:15:10Z" name="Test1" finished-at="2018-05-02T19:15:22Z" duration-ms="11926">
    <groups>
      <group name="response">
        <method signature="SearchTest.getTitle()[pri:0, instance:tests.SearchTest@74235045]" name="getTitle" class="tests.SearchTest"/>
        <method signature="SourceTest.getAuthor()[pri:0, instance:tests.SourceTest@618b19ad]" name="getAuthor" class="tests.SourceTest"/>
        <method signature="SourceTest.getIDs()[pri:0, instance:tests.SourceTest@618b19ad]" name="getIDs" class="tests.SourceTest"/>
      </group> <!-- response -->
      <group name="json">
        <method signature="SearchTest.getTitle()[pri:0, instance:tests.SearchTest@74235045]" name="getTitle" class="tests.SearchTest"/>
        <method signature="SourceTest.getAuthor()[pri:0, instance:tests.SourceTest@618b19ad]" name="getAuthor" class="tests.SourceTest"/>
        <method signature="SourceTest.getIDs()[pri:0, instance:tests.SourceTest@618b19ad]" name="getIDs" class="tests.SourceTest"/>
      </group> <!-- json -->
    </groups>
    <test started-at="2018-05-02T19:15:10Z" name="NewsAPI" finished-at="2018-05-02T19:15:22Z" duration-ms="11926">
      <class name="tests.SourceTest">
        <test-method is-config="true" signature="configure()[pri:0, instance:tests.SourceTest@618b19ad]" started-at="2018-05-02T19:15:19Z" name="configure" finished-at="2018-05-02T19:15:19Z" duration-ms="170" status="PASS">
          <reporter-output>
          </reporter-output>
        </test-method> <!-- configure -->
        <test-method is-config="true" signature="setURL()[pri:0, instance:tests.SourceTest@618b19ad]" started-at="2018-05-02T19:15:19Z" name="setURL" finished-at="2018-05-02T19:15:19Z" depends-on-methods="tests.BaseTest.configure" duration-ms="2" status="PASS">
          <reporter-output>
          </reporter-output>
        </test-method> <!-- setURL -->
        <test-method signature="getAuthor()[pri:0, instance:tests.SourceTest@618b19ad]" started-at="2018-05-02T19:15:19Z" name="getAuthor" finished-at="2018-05-02T19:15:21Z" duration-ms="1854" status="PASS">
          <reporter-output>
          </reporter-output>
        </test-method> <!-- getAuthor -->
        <test-method signature="getIDs()[pri:0, instance:tests.SourceTest@618b19ad]" started-at="2018-05-02T19:15:21Z" name="getIDs" finished-at="2018-05-02T19:15:22Z" duration-ms="603" status="PASS">
          <reporter-output>
          </reporter-output>
        </test-method> <!-- getIDs -->
      </class> <!-- tests.SourceTest -->
      <class name="tests.SearchTest">
        <test-method is-config="true" signature="configure()[pri:0, instance:tests.SearchTest@74235045]" started-at="2018-05-02T19:15:10Z" name="configure" finished-at="2018-05-02T19:15:13Z" duration-ms="3437" status="PASS">
          <reporter-output>
          </reporter-output>
        </test-method> <!-- configure -->
        <test-method is-config="true" signature="setURL()[pri:0, instance:tests.SearchTest@74235045]" started-at="2018-05-02T19:15:13Z" name="setURL" finished-at="2018-05-02T19:15:13Z" depends-on-methods="tests.BaseTest.configure" duration-ms="116" status="PASS">
          <reporter-output>
          </reporter-output>
        </test-method> <!-- setURL -->
        <test-method signature="getTitle()[pri:0, instance:tests.SearchTest@74235045]" started-at="2018-05-02T19:15:13Z" name="getTitle" finished-at="2018-05-02T19:15:19Z" duration-ms="5635" status="PASS">
          <reporter-output>
          </reporter-output>
        </test-method> <!-- getTitle -->
      </class> <!-- tests.SearchTest -->
    </test> <!-- NewsAPI -->
  </suite> <!-- Test1 -->
</testng-results>
