<?xml version="1.0" encoding="UTF-8"?>
<testsuite xmlns:xsi="http://www.w3.org/2001/XMLSchema-instance" xsi:noNamespaceSchemaLocation="https://maven.apache.org/surefire/maven-surefire-plugin/xsd/surefire-test-report.xsd" name="TestSuite" time="15.57" tests="3" errors="0" skipped="0" failures="0">
  <properties>
[...]
</properties>
  <testcase name="getTitle" classname="tests.SearchTest" time="5.997"/>
  <testcase name="getAuthor" classname="tests.SourceTest" time="1.669"/>
  <testcase name="getIDs" classname="tests.SourceTest" time="0.663"/>
</testsuite>