<?xml version="1.0" encoding="UTF-8"?>
<!-- Generated by org.testng.reporters.JUnitXMLReporter -->
<testsuite hostname="Shushik" ignored="2" name="NewsAPI" tests="3" failures="0" timestamp="02 May 2018 05:32:45 GMT" time="24.53" errors="0">
  <testcase name="getTitle" time="14.5" classname="tests.SearchTest"/>
  <testcase name="getAuthor" time="3.915" classname="tests.SourceTest"/>
  <testcase name="getIDs" time="0.612" classname="tests.SourceTest"/>
  <testcase name="getResponse" time="0.0" classname="tests.SearchTest">
    <ignored/>
  </testcase> <!-- getResponse -->
  <testcase name="getResponse" time="0.0" classname="tests.SourceTest">
    <ignored/>
  </testcase> <!-- getResponse -->
</testsuite> <!-- NewsAPI -->
